
SQL*Plus: Release 10.2.0.4.0 - Production on Tue Jan 16 08:45:01 2018

Copyright (c) 1982, 2007, Oracle.  All Rights Reserved.


Connected to:
Oracle Database 10g Release 10.2.0.4.0 - 64bit Production

--- DEBUG ON ---
--- DEBUG ON ---
fildir:/home/dw/SQL_Output stlmtktr.log
DEBUG
1: STLMTKTR started:18-jan-16 08:45:02
DEBUG
1: Params:Params:iata:tkt:tkt:
DEBUG
1: List of Missing Ticket Ranges Follows
DEBUG
1: -------------------------------
DEBUG
1: Range to check:1 iata:91212295 tkt start:192007073 tkt end:192007122 18-jan-16 08:45:02
DEBUG
1: c_range.ticket_no_end192007122c_range.ticket_no_start192007073
DEBUG
1: v_end50
DEBUG
1: ind. ticket,91212295,192007073
DEBUG
1: ind. ticket,91212295,192007074
DEBUG
1: ind. ticket,91212295,192007075
DEBUG
1: ind. ticket,91212295,192007076
DEBUG
1: ind. ticket,91212295,192007077
DEBUG
1: ind. ticket,91212295,192007078
DEBUG
1: ind. ticket,91212295,192007079
DEBUG
1: ind. ticket,91212295,192007080
DEBUG
1: ind. ticket,91212295,192007081
DEBUG
1: ind. ticket,91212295,192007082
DEBUG
1: ind. ticket,91212295,192007083
DEBUG
1: ind. ticket,91212295,192007084
DEBUG
1: ind. ticket,91212295,192007085
DEBUG
1: ind. ticket,91212295,192007086
DEBUG
1: ind. ticket,91212295,192007087
DEBUG
1: ind. ticket,91212295,192007088
DEBUG
1: ind. ticket,91212295,192007089
DEBUG
1: ind. ticket,91212295,192007090
DEBUG
1: ind. ticket,91212295,192007091
DEBUG
1: ind. ticket,91212295,192007092
DEBUG
1: ind. ticket,91212295,192007093
DEBUG
1: ind. ticket,91212295,192007094
DEBUG
1: ind. ticket,91212295,192007095
DEBUG
1: ind. ticket,91212295,192007096
DEBUG
1: ind. ticket,91212295,192007097
DEBUG
1: ind. ticket,91212295,192007098
DEBUG
1: ind. ticket,91212295,192007099
DEBUG
1: ind. ticket,91212295,192007100
DEBUG
1: ind. ticket,91212295,192007101
DEBUG
1: ind. ticket,91212295,192007102
DEBUG
1: ind. ticket,91212295,192007103
DEBUG
1: ind. ticket,91212295,192007104
DEBUG
1: ind. ticket,91212295,192007105
DEBUG
1: ind. ticket,91212295,192007106
DEBUG
1: ind. ticket,91212295,192007107
DEBUG
1: ind. ticket,91212295,192007108
DEBUG
1: ind. ticket,91212295,192007109
DEBUG
1: ind. ticket,91212295,192007110
DEBUG
1: ind. ticket,91212295,192007111
DEBUG
1: ind. ticket,91212295,192007112
DEBUG
1: ind. ticket,91212295,192007113
DEBUG
1: ind. ticket,91212295,192007114
DEBUG
1: ind. ticket,91212295,192007115
DEBUG
1: ind. ticket,91212295,192007116
DEBUG
1: ind. ticket,91212295,192007117
DEBUG
1: ind. ticket,91212295,192007118
DEBUG
1: ind. ticket,91212295,192007119
DEBUG
1: ind. ticket,91212295,192007120
DEBUG
1: ind. ticket,91212295,192007121
DEBUG
1: ind. ticket,91212295,192007122
DEBUG
1: Missing:iata,91212295, from,192007073, up to,192007122,numtkts,50
DEBUG
1: Range to check:2 iata:91212295 tkt start:4159978200 tkt end:4159978499 18-jan-16 08:45:02
DEBUG
1: c_range.ticket_no_end4159978499c_range.ticket_no_start4159978200
DEBUG
1: v_end300
DEBUG
1: ind. ticket,91212295,4159978352
DEBUG
1: ind. ticket,91212295,4159978353
DEBUG
1: Missing:iata,91212295, from,4159978352, up to,4159978353,numtkts,2
DEBUG
1: ind. ticket,91212295,4159978362
DEBUG
1: ind. ticket,91212295,4159978363
DEBUG
1: ind. ticket,91212295,4159978364
DEBUG
1: ind. ticket,91212295,4159978365
DEBUG
1: Missing:iata,91212295, from,4159978362, up to,4159978365,numtkts,4
DEBUG
1: ind. ticket,91212295,4159978368
DEBUG
1: ind. ticket,91212295,4159978369
DEBUG
1: ind. ticket,91212295,4159978370
DEBUG
1: ind. ticket,91212295,4159978371
DEBUG
1: ind. ticket,91212295,4159978372
DEBUG
1: ind. ticket,91212295,4159978373
DEBUG
1: Missing:iata,91212295, from,4159978368, up to,4159978373,numtkts,6
DEBUG
1: ind. ticket,91212295,4159978499
DEBUG
1: Missing:iata,91212295, from,4159978499, up to,4159978499,numtkts,1
DEBUG
1: Range to check:3 iata:91212295 tkt start:4161499250 tkt end:4161499499 18-jan-16 08:45:02
DEBUG
1: c_range.ticket_no_end4161499499c_range.ticket_no_start4161499250
DEBUG
1: v_end250
DEBUG
1: ind. ticket,91212295,4161499496
DEBUG
1: ind. ticket,91212295,4161499497
DEBUG
1: ind. ticket,91212295,4161499498
DEBUG
1: ind. ticket,91212295,4161499499
DEBUG
1: Missing:iata,91212295, from,4161499496, up to,4161499499,numtkts,4
DEBUG
1: Range to check:4 iata:91212295 tkt start:4804605750 tkt end:4804605999 18-jan-16 08:45:03
DEBUG
1: c_range.ticket_no_end4804605999c_range.ticket_no_start4804605750
DEBUG
1: v_end250
DEBUG
1: ind. ticket,91212295,4804605750
DEBUG
1: ind. ticket,91212295,4804605751
DEBUG
1: ind. ticket,91212295,4804605752
DEBUG
1: ind. ticket,91212295,4804605753
DEBUG
1: ind. ticket,91212295,4804605754
DEBUG
1: ind. ticket,91212295,4804605755
DEBUG
1: ind. ticket,91212295,4804605756
DEBUG
1: ind. ticket,91212295,4804605757
DEBUG
1: ind. ticket,91212295,4804605758
DEBUG
1: ind. ticket,91212295,4804605759
DEBUG
1: ind. ticket,91212295,4804605760
DEBUG
1: ind. ticket,91212295,4804605761
DEBUG
1: ind. ticket,91212295,4804605762
DEBUG
1: ind. ticket,91212295,4804605763
DEBUG
1: ind. ticket,91212295,4804605764
DEBUG
1: ind. ticket,91212295,4804605765
DEBUG
1: ind. ticket,91212295,4804605766
DEBUG
1: ind. ticket,91212295,4804605767
DEBUG
1: ind. ticket,91212295,4804605768
DEBUG
1: ind. ticket,91212295,4804605769
DEBUG
1: ind. ticket,91212295,4804605770
DEBUG
1: ind. ticket,91212295,4804605771
DEBUG
1: ind. ticket,91212295,4804605772
DEBUG
1: ind. ticket,91212295,4804605773
DEBUG
1: ind. ticket,91212295,4804605774
DEBUG
1: ind. ticket,91212295,4804605775
DEBUG
1: ind. ticket,91212295,4804605776
DEBUG
1: ind. ticket,91212295,4804605777
DEBUG
1: ind. ticket,91212295,4804605778
DEBUG
1: ind. ticket,91212295,4804605779
DEBUG
1: ind. ticket,91212295,4804605780
DEBUG
1: ind. ticket,91212295,4804605781
DEBUG
1: ind. ticket,91212295,4804605782
DEBUG
1: ind. ticket,91212295,4804605783
DEBUG
1: ind. ticket,91212295,4804605784
DEBUG
1: ind. ticket,91212295,4804605785
DEBUG
1: ind. ticket,91212295,4804605786
DEBUG
1: ind. ticket,91212295,4804605787
DEBUG
1: ind. ticket,91212295,4804605788
DEBUG
1: ind. ticket,91212295,4804605789
DEBUG
1: ind. ticket,91212295,4804605790
DEBUG
1: ind. ticket,91212295,4804605791
DEBUG
1: ind. ticket,91212295,4804605792
DEBUG
1: ind. ticket,91212295,4804605793
DEBUG
1: ind. ticket,91212295,4804605794
DEBUG
1: ind. ticket,91212295,4804605795
DEBUG
1: ind. ticket,91212295,4804605796
DEBUG
1: ind. ticket,91212295,4804605797
DEBUG
1: ind. ticket,91212295,4804605798
DEBUG
1: ind. ticket,91212295,4804605799
DEBUG
1: ind. ticket,91212295,4804605800
DEBUG
1: ind. ticket,91212295,4804605801
DEBUG
1: ind. ticket,91212295,4804605802
DEBUG
1: ind. ticket,91212295,4804605803
DEBUG
1: ind. ticket,91212295,4804605804
DEBUG
1: ind. ticket,91212295,4804605805
DEBUG
1: ind. ticket,91212295,4804605806
DEBUG
1: ind. ticket,91212295,4804605807
DEBUG
1: ind. ticket,91212295,4804605808
DEBUG
1: ind. ticket,91212295,4804605809
DEBUG
1: ind. ticket,91212295,4804605810
DEBUG
1: ind. ticket,91212295,4804605811
DEBUG
1: ind. ticket,91212295,4804605812
DEBUG
1: ind. ticket,91212295,4804605813
DEBUG
1: ind. ticket,91212295,4804605814
DEBUG
1: ind. ticket,91212295,4804605815
DEBUG
1: ind. ticket,91212295,4804605816
DEBUG
1: ind. ticket,91212295,4804605817
DEBUG
1: ind. ticket,91212295,4804605818
DEBUG
1: ind. ticket,91212295,4804605819
DEBUG
1: ind. ticket,91212295,4804605820
DEBUG
1: ind. ticket,91212295,4804605821
DEBUG
1: ind. ticket,91212295,4804605822
DEBUG
1: ind. ticket,91212295,4804605823
DEBUG
1: ind. ticket,91212295,4804605824
DEBUG
1: ind. ticket,91212295,4804605825
DEBUG
1: ind. ticket,91212295,4804605826
DEBUG
1: ind. ticket,91212295,4804605827
DEBUG
1: ind. ticket,91212295,4804605828
DEBUG
1: ind. ticket,91212295,4804605829
DEBUG
1: ind. ticket,91212295,4804605830
DEBUG
1: ind. ticket,91212295,4804605831
DEBUG
1: ind. ticket,91212295,4804605832
DEBUG
1: ind. ticket,91212295,4804605833
DEBUG
1: ind. ticket,91212295,4804605834
DEBUG
1: ind. ticket,91212295,4804605835
DEBUG
1: ind. ticket,91212295,4804605836
DEBUG
1: ind. ticket,91212295,4804605837
DEBUG
1: ind. ticket,91212295,4804605838
DEBUG
1: ind. ticket,91212295,4804605839
DEBUG
1: ind. ticket,91212295,4804605840
DEBUG
1: ind. ticket,91212295,4804605841
DEBUG
1: ind. ticket,91212295,4804605842
DEBUG
1: ind. ticket,91212295,4804605843
DEBUG
1: ind. ticket,91212295,4804605844
DEBUG
1: ind. ticket,91212295,4804605845
DEBUG
1: ind. ticket,91212295,4804605846
DEBUG
1: ind. ticket,91212295,4804605847
DEBUG
1: ind. ticket,91212295,4804605848
DEBUG
1: ind. ticket,91212295,4804605849
DEBUG
1: ind. ticket,91212295,4804605850
DEBUG
1: ind. ticket,91212295,4804605851
DEBUG
1: ind. ticket,91212295,4804605852
DEBUG
1: ind. ticket,91212295,4804605853
DEBUG
1: ind. ticket,91212295,4804605854
DEBUG
1: ind. ticket,91212295,4804605855
DEBUG
1: ind. ticket,91212295,4804605856
DEBUG
1: ind. ticket,91212295,4804605857
DEBUG
1: ind. ticket,91212295,4804605858
DEBUG
1: ind. ticket,91212295,4804605859
DEBUG
1: ind. ticket,91212295,4804605860
DEBUG
1: ind. ticket,91212295,4804605861
DEBUG
1: ind. ticket,91212295,4804605862
DEBUG
1: ind. ticket,91212295,4804605863
DEBUG
1: ind. ticket,91212295,4804605864
DEBUG
1: ind. ticket,91212295,4804605865
DEBUG
1: ind. ticket,91212295,4804605866
DEBUG
1: ind. ticket,91212295,4804605867
DEBUG
1: ind. ticket,91212295,4804605868
DEBUG
1: ind. ticket,91212295,4804605869
DEBUG
1: ind. ticket,91212295,4804605870
DEBUG
1: ind. ticket,91212295,4804605871
DEBUG
1: ind. ticket,91212295,4804605872
DEBUG
1: ind. ticket,91212295,4804605873
DEBUG
1: ind. ticket,91212295,4804605874
DEBUG
1: ind. ticket,91212295,4804605875
DEBUG
1: ind. ticket,91212295,4804605876
DEBUG
1: ind. ticket,91212295,4804605877
DEBUG
1: ind. ticket,91212295,4804605878
DEBUG
1: ind. ticket,91212295,4804605879
DEBUG
1: ind. ticket,91212295,4804605880
DEBUG
1: ind. ticket,91212295,4804605881
DEBUG
1: ind. ticket,91212295,4804605882
DEBUG
1: ind. ticket,91212295,4804605883
DEBUG
1: ind. ticket,91212295,4804605884
DEBUG
1: ind. ticket,91212295,4804605885
DEBUG
1: ind. ticket,91212295,4804605886
DEBUG
1: ind. ticket,91212295,4804605887
DEBUG
1: ind. ticket,91212295,4804605888
DEBUG
1: ind. ticket,91212295,4804605889
DEBUG
1: ind. ticket,91212295,4804605890
DEBUG
1: ind. ticket,91212295,4804605891
DEBUG
1: ind. ticket,91212295,4804605892
DEBUG
1: ind. ticket,91212295,4804605893
DEBUG
1: ind. ticket,91212295,4804605894
DEBUG
1: ind. ticket,91212295,4804605895
DEBUG
1: ind. ticket,91212295,4804605896
DEBUG
1: ind. ticket,91212295,4804605897
DEBUG
1: ind. ticket,91212295,4804605898
DEBUG
1: ind. ticket,91212295,4804605899
DEBUG
1: ind. ticket,91212295,4804605900
DEBUG
1: ind. ticket,91212295,4804605901
DEBUG
1: ind. ticket,91212295,4804605902
DEBUG
1: ind. ticket,91212295,4804605903
DEBUG
1: ind. ticket,91212295,4804605904
DEBUG
1: ind. ticket,91212295,4804605905
DEBUG
1: ind. ticket,91212295,4804605906
DEBUG
1: ind. ticket,91212295,4804605907
DEBUG
1: ind. ticket,91212295,4804605908
DEBUG
1: ind. ticket,91212295,4804605909
DEBUG
1: ind. ticket,91212295,4804605910
DEBUG
1: ind. ticket,91212295,4804605911
DEBUG
1: ind. ticket,91212295,4804605912
DEBUG
1: ind. ticket,91212295,4804605913
DEBUG
1: ind. ticket,91212295,4804605914
DEBUG
1: ind. ticket,91212295,4804605915
DEBUG
1: ind. ticket,91212295,4804605916
DEBUG
1: ind. ticket,91212295,4804605917
DEBUG
1: ind. ticket,91212295,4804605918
DEBUG
1: ind. ticket,91212295,4804605919
DEBUG
1: ind. ticket,91212295,4804605920
DEBUG
1: ind. ticket,91212295,4804605921
DEBUG
1: ind. ticket,91212295,4804605922
DEBUG
1: ind. ticket,91212295,4804605923
DEBUG
1: ind. ticket,91212295,4804605924
DEBUG
1: ind. ticket,91212295,4804605925
DEBUG
1: ind. ticket,91212295,4804605926
DEBUG
1: ind. ticket,91212295,4804605927
DEBUG
1: ind. ticket,91212295,4804605928
DEBUG
1: ind. ticket,91212295,4804605929
DEBUG
1: ind. ticket,91212295,4804605930
DEBUG
1: ind. ticket,91212295,4804605931
DEBUG
1: ind. ticket,91212295,4804605932
DEBUG
1: ind. ticket,91212295,4804605933
DEBUG
1: ind. ticket,91212295,4804605934
DEBUG
1: ind. ticket,91212295,4804605935
DEBUG
1: ind. ticket,91212295,4804605936
DEBUG
1: ind. ticket,91212295,4804605937
DEBUG
1: ind. ticket,91212295,4804605938
DEBUG
1: ind. ticket,91212295,4804605939
DEBUG
1: ind. ticket,91212295,4804605940
DEBUG
1: ind. ticket,91212295,4804605941
DEBUG
1: ind. ticket,91212295,4804605942
DEBUG
1: ind. ticket,91212295,4804605943
DEBUG
1: ind. ticket,91212295,4804605944
DEBUG
1: ind. ticket,91212295,4804605945
DEBUG
1: ind. ticket,91212295,4804605946
DEBUG
1: ind. ticket,91212295,4804605947
DEBUG
1: ind. ticket,91212295,4804605948
DEBUG
1: ind. ticket,91212295,4804605949
DEBUG
1: ind. ticket,91212295,4804605950
DEBUG
1: ind. ticket,91212295,4804605951
DEBUG
1: ind. ticket,91212295,4804605952
DEBUG
1: ind. ticket,91212295,4804605953
DEBUG
1: ind. ticket,91212295,4804605954
DEBUG
1: ind. ticket,91212295,4804605955
DEBUG
1: ind. ticket,91212295,4804605956
DEBUG
1: ind. ticket,91212295,4804605957
DEBUG
1: ind. ticket,91212295,4804605958
DEBUG
1: ind. ticket,91212295,4804605959
DEBUG
1: ind. ticket,91212295,4804605960
DEBUG
1: ind. ticket,91212295,4804605961
DEBUG
1: ind. ticket,91212295,4804605962
DEBUG
1: ind. ticket,91212295,4804605963
DEBUG
1: ind. ticket,91212295,4804605964
DEBUG
1: ind. ticket,91212295,4804605965
DEBUG
1: ind. ticket,91212295,4804605966
DEBUG
1: ind. ticket,91212295,4804605967
DEBUG
1: ind. ticket,91212295,4804605968
DEBUG
1: ind. ticket,91212295,4804605969
DEBUG
1: ind. ticket,91212295,4804605970
DEBUG
1: ind. ticket,91212295,4804605971
DEBUG
1: ind. ticket,91212295,4804605972
DEBUG
1: ind. ticket,91212295,4804605973
DEBUG
1: ind. ticket,91212295,4804605974
DEBUG
1: ind. ticket,91212295,4804605975
DEBUG
1: ind. ticket,91212295,4804605976
DEBUG
1: ind. ticket,91212295,4804605977
DEBUG
1: ind. ticket,91212295,4804605978
DEBUG
1: ind. ticket,91212295,4804605979
DEBUG
1: ind. ticket,91212295,4804605980
DEBUG
1: ind. ticket,91212295,4804605981
DEBUG
1: ind. ticket,91212295,4804605982
DEBUG
1: ind. ticket,91212295,4804605983
DEBUG
1: ind. ticket,91212295,4804605984
DEBUG
1: ind. ticket,91212295,4804605985
DEBUG
1: ind. ticket,91212295,4804605986
DEBUG
1: ind. ticket,91212295,4804605987
DEBUG
1: ind. ticket,91212295,4804605988
DEBUG
1: ind. ticket,91212295,4804605989
DEBUG
1: ind. ticket,91212295,4804605990
DEBUG
1: ind. ticket,91212295,4804605991
DEBUG
1: ind. ticket,91212295,4804605992
DEBUG
1: ind. ticket,91212295,4804605993
DEBUG
1: ind. ticket,91212295,4804605994
DEBUG
1: ind. ticket,91212295,4804605995
DEBUG
1: ind. ticket,91212295,4804605996
DEBUG
1: ind. ticket,91212295,4804605997
DEBUG
1: ind. ticket,91212295,4804605998
DEBUG
1: ind. ticket,91212295,4804605999
DEBUG
1: Missing:iata,91212295, from,4804605750, up to,4804605999,numtkts,250
DEBUG
1: Range to check:5 iata:91212295 tkt start:5218609750 tkt end:5218609999 18-jan-16 08:45:03
DEBUG
1: c_range.ticket_no_end5218609999c_range.ticket_no_start5218609750
DEBUG
1: v_end250
DEBUG
1: ind. ticket,91212295,5218609938
DEBUG
1: ind. ticket,91212295,5218609939
DEBUG
1: ind. ticket,91212295,5218609940
DEBUG
1: ind. ticket,91212295,5218609941
DEBUG
1: ind. ticket,91212295,5218609942
DEBUG
1: ind. ticket,91212295,5218609943
DEBUG
1: ind. ticket,91212295,5218609944
DEBUG
1: ind. ticket,91212295,5218609945
DEBUG
1: ind. ticket,91212295,5218609946
DEBUG
1: ind. ticket,91212295,5218609947
DEBUG
1: ind. ticket,91212295,5218609948
DEBUG
1: ind. ticket,91212295,5218609949
DEBUG
1: ind. ticket,91212295,5218609950
DEBUG
1: ind. ticket,91212295,5218609951
DEBUG
1: ind. ticket,91212295,5218609952
DEBUG
1: ind. ticket,91212295,5218609953
DEBUG
1: ind. ticket,91212295,5218609954
DEBUG
1: ind. ticket,91212295,5218609955
DEBUG
1: ind. ticket,91212295,5218609956
DEBUG
1: ind. ticket,91212295,5218609957
DEBUG
1: ind. ticket,91212295,5218609958
DEBUG
1: ind. ticket,91212295,5218609959
DEBUG
1: ind. ticket,91212295,5218609960
DEBUG
1: ind. ticket,91212295,5218609961
DEBUG
1: ind. ticket,91212295,5218609962
DEBUG
1: ind. ticket,91212295,5218609963
DEBUG
1: ind. ticket,91212295,5218609964
DEBUG
1: ind. ticket,91212295,5218609965
DEBUG
1: ind. ticket,91212295,5218609966
DEBUG
1: ind. ticket,91212295,5218609967
DEBUG
1: ind. ticket,91212295,5218609968
DEBUG
1: ind. ticket,91212295,5218609969
DEBUG
1: ind. ticket,91212295,5218609970
DEBUG
1: ind. ticket,91212295,5218609971
DEBUG
1: ind. ticket,91212295,5218609972
DEBUG
1: ind. ticket,91212295,5218609973
DEBUG
1: ind. ticket,91212295,5218609974
DEBUG
1: ind. ticket,91212295,5218609975
DEBUG
1: ind. ticket,91212295,5218609976
DEBUG
1: ind. ticket,91212295,5218609977
DEBUG
1: ind. ticket,91212295,5218609978
DEBUG
1: ind. ticket,91212295,5218609979
DEBUG
1: ind. ticket,91212295,5218609980
DEBUG
1: ind. ticket,91212295,5218609981
DEBUG
1: ind. ticket,91212295,5218609982
DEBUG
1: ind. ticket,91212295,5218609983
DEBUG
1: ind. ticket,91212295,5218609984
DEBUG
1: ind. ticket,91212295,5218609985
DEBUG
1: ind. ticket,91212295,5218609986
DEBUG
1: ind. ticket,91212295,5218609987
DEBUG
1: ind. ticket,91212295,5218609988
DEBUG
1: ind. ticket,91212295,5218609989
DEBUG
1: ind. ticket,91212295,5218609990
DEBUG
1: ind. ticket,91212295,5218609991
DEBUG
1: ind. ticket,91212295,5218609992
DEBUG
1: ind. ticket,91212295,5218609993
DEBUG
1: ind. ticket,91212295,5218609994
DEBUG
1: ind. ticket,91212295,5218609995
DEBUG
1: ind. ticket,91212295,5218609996
DEBUG
1: ind. ticket,91212295,5218609997
DEBUG
1: ind. ticket,91212295,5218609998
DEBUG
1: ind. ticket,91212295,5218609999
DEBUG
1: Missing:iata,91212295, from,5218609938, up to,5218609999,numtkts,62
DEBUG
1: Range to check:6 iata:91212295 tkt start:5218744000 tkt end:5218744249 18-jan-16 08:45:03
DEBUG
1: c_range.ticket_no_end5218744249c_range.ticket_no_start5218744000
DEBUG
1: v_end250
DEBUG
1: ind. ticket,91212295,5218744116
DEBUG
1: ind. ticket,91212295,5218744117
DEBUG
1: ind. ticket,91212295,5218744118
DEBUG
1: ind. ticket,91212295,5218744119
DEBUG
1: ind. ticket,91212295,5218744120
DEBUG
1: ind. ticket,91212295,5218744121
DEBUG
1: ind. ticket,91212295,5218744122
DEBUG
1: ind. ticket,91212295,5218744123
DEBUG
1: ind. ticket,91212295,5218744124
DEBUG
1: ind. ticket,91212295,5218744125
DEBUG
1: ind. ticket,91212295,5218744126
DEBUG
1: ind. ticket,91212295,5218744127
DEBUG
1: ind. ticket,91212295,5218744128
DEBUG
1: ind. ticket,91212295,5218744129
DEBUG
1: ind. ticket,91212295,5218744130
DEBUG
1: ind. ticket,91212295,5218744131
DEBUG
1: ind. ticket,91212295,5218744132
DEBUG
1: ind. ticket,91212295,5218744133
DEBUG
1: ind. ticket,91212295,5218744134
DEBUG
1: ind. ticket,91212295,5218744135
DEBUG
1: ind. ticket,91212295,5218744136
DEBUG
1: ind. ticket,91212295,5218744137
DEBUG
1: ind. ticket,91212295,5218744138
DEBUG
1: ind. ticket,91212295,5218744139
DEBUG
1: ind. ticket,91212295,5218744140
DEBUG
1: ind. ticket,91212295,5218744141
DEBUG
1: ind. ticket,91212295,5218744142
DEBUG
1: ind. ticket,91212295,5218744143
DEBUG
1: ind. ticket,91212295,5218744144
DEBUG
1: ind. ticket,91212295,5218744145
DEBUG
1: ind. ticket,91212295,5218744146
DEBUG
1: ind. ticket,91212295,5218744147
DEBUG
1: ind. ticket,91212295,5218744148
DEBUG
1: ind. ticket,91212295,5218744149
DEBUG
1: ind. ticket,91212295,5218744150
DEBUG
1: ind. ticket,91212295,5218744151
DEBUG
1: ind. ticket,91212295,5218744152
DEBUG
1: ind. ticket,91212295,5218744153
DEBUG
1: ind. ticket,91212295,5218744154
DEBUG
1: ind. ticket,91212295,5218744155
DEBUG
1: ind. ticket,91212295,5218744156
DEBUG
1: ind. ticket,91212295,5218744157
DEBUG
1: ind. ticket,91212295,5218744158
DEBUG
1: ind. ticket,91212295,5218744159
DEBUG
1: ind. ticket,91212295,5218744160
DEBUG
1: ind. ticket,91212295,5218744161
DEBUG
1: ind. ticket,91212295,5218744162
DEBUG
1: ind. ticket,91212295,5218744163
DEBUG
1: ind. ticket,91212295,5218744164
DEBUG
1: ind. ticket,91212295,5218744165
DEBUG
1: ind. ticket,91212295,5218744166
DEBUG
1: ind. ticket,91212295,5218744167
DEBUG
1: ind. ticket,91212295,5218744168
DEBUG
1: ind. ticket,91212295,5218744169
DEBUG
1: ind. ticket,91212295,5218744170
DEBUG
1: ind. ticket,91212295,5218744171
DEBUG
1: ind. ticket,91212295,5218744172
DEBUG
1: ind. ticket,91212295,5218744173
DEBUG
1: ind. ticket,91212295,5218744174
DEBUG
1: ind. ticket,91212295,5218744175
DEBUG
1: ind. ticket,91212295,5218744176
DEBUG
1: ind. ticket,91212295,5218744177
DEBUG
1: ind. ticket,91212295,5218744178
DEBUG
1: ind. ticket,91212295,5218744179
DEBUG
1: ind. ticket,91212295,5218744180
DEBUG
1: ind. ticket,91212295,5218744181
DEBUG
1: ind. ticket,91212295,5218744182
DEBUG
1: ind. ticket,91212295,5218744183
DEBUG
1: ind. ticket,91212295,5218744184
DEBUG
1: ind. ticket,91212295,5218744185
DEBUG
1: ind. ticket,91212295,5218744186
DEBUG
1: ind. ticket,91212295,5218744187
DEBUG
1: ind. ticket,91212295,5218744188
DEBUG
1: ind. ticket,91212295,5218744189
DEBUG
1: ind. ticket,91212295,5218744190
DEBUG
1: ind. ticket,91212295,5218744191
DEBUG
1: ind. ticket,91212295,5218744192
DEBUG
1: ind. ticket,91212295,5218744193
DEBUG
1: ind. ticket,91212295,5218744194
DEBUG
1: ind. ticket,91212295,5218744195
DEBUG
1: ind. ticket,91212295,5218744196
DEBUG
1: ind. ticket,91212295,5218744197
DEBUG
1: ind. ticket,91212295,5218744198
DEBUG
1: ind. ticket,91212295,5218744199
DEBUG
1: ind. ticket,91212295,5218744200
DEBUG
1: ind. ticket,91212295,5218744201
DEBUG
1: ind. ticket,91212295,5218744202
DEBUG
1: ind. ticket,91212295,5218744203
DEBUG
1: ind. ticket,91212295,5218744204
DEBUG
1: ind. ticket,91212295,5218744205
DEBUG
1: ind. ticket,91212295,5218744206
DEBUG
1: ind. ticket,91212295,5218744207
DEBUG
1: ind. ticket,91212295,5218744208
DEBUG
1: ind. ticket,91212295,5218744209
DEBUG
1: ind. ticket,91212295,5218744210
DEBUG
1: ind. ticket,91212295,5218744211
DEBUG
1: ind. ticket,91212295,5218744212
DEBUG
1: ind. ticket,91212295,5218744213
DEBUG
1: ind. ticket,91212295,5218744214
DEBUG
1: ind. ticket,91212295,5218744215
DEBUG
1: ind. ticket,91212295,5218744216
DEBUG
1: ind. ticket,91212295,5218744217
DEBUG
1: ind. ticket,91212295,5218744218
DEBUG
1: ind. ticket,91212295,5218744219
DEBUG
1: ind. ticket,91212295,5218744220
DEBUG
1: ind. ticket,91212295,5218744221
DEBUG
1: ind. ticket,91212295,5218744222
DEBUG
1: ind. ticket,91212295,5218744223
DEBUG
1: ind. ticket,91212295,5218744224
DEBUG
1: ind. ticket,91212295,5218744225
DEBUG
1: ind. ticket,91212295,5218744226
DEBUG
1: ind. ticket,91212295,5218744227
DEBUG
1: ind. ticket,91212295,5218744228
DEBUG
1: ind. ticket,91212295,5218744229
DEBUG
1: ind. ticket,91212295,5218744230
DEBUG
1: ind. ticket,91212295,5218744231
DEBUG
1: ind. ticket,91212295,5218744232
DEBUG
1: ind. ticket,91212295,5218744233
DEBUG
1: ind. ticket,91212295,5218744234
DEBUG
1: ind. ticket,91212295,5218744235
DEBUG
1: ind. ticket,91212295,5218744236
DEBUG
1: ind. ticket,91212295,5218744237
DEBUG
1: ind. ticket,91212295,5218744238
DEBUG
1: ind. ticket,91212295,5218744239
DEBUG
1: ind. ticket,91212295,5218744240
DEBUG
1: ind. ticket,91212295,5218744241
DEBUG
1: ind. ticket,91212295,5218744242
DEBUG
1: ind. ticket,91212295,5218744243
DEBUG
1: ind. ticket,91212295,5218744244
DEBUG
1: ind. ticket,91212295,5218744245
DEBUG
1: ind. ticket,91212295,5218744246
DEBUG
1: ind. ticket,91212295,5218744247
DEBUG
1: ind. ticket,91212295,5218744248
DEBUG
1: ind. ticket,91212295,5218744249
DEBUG
1: Missing:iata,91212295, from,5218744116, up to,5218744249,numtkts,134
DEBUG
1: Range to check:7 iata:91212295 tkt start:5218794250 tkt end:5218794499 18-jan-16 08:45:03
DEBUG
1: c_range.ticket_no_end5218794499c_range.ticket_no_start5218794250
DEBUG
1: v_end250
DEBUG
1: ind. ticket,91212295,5218794383
DEBUG
1: Missing:iata,91212295, from,5218794383, up to,5218794383,numtkts,1
DEBUG
1: ind. ticket,91212295,5218794385
DEBUG
1: Missing:iata,91212295, from,5218794385, up to,5218794385,numtkts,1
DEBUG
1: ind. ticket,91212295,5218794390
DEBUG
1: ind. ticket,91212295,5218794391
DEBUG
1: ind. ticket,91212295,5218794392
DEBUG
1: ind. ticket,91212295,5218794393
DEBUG
1: ind. ticket,91212295,5218794394
DEBUG
1: ind. ticket,91212295,5218794395
DEBUG
1: ind. ticket,91212295,5218794396
DEBUG
1: ind. ticket,91212295,5218794397
DEBUG
1: ind. ticket,91212295,5218794398
DEBUG
1: ind. ticket,91212295,5218794399
DEBUG
1: ind. ticket,91212295,5218794400
DEBUG
1: ind. ticket,91212295,5218794401
DEBUG
1: ind. ticket,91212295,5218794402
DEBUG
1: ind. ticket,91212295,5218794403
DEBUG
1: ind. ticket,91212295,5218794404
DEBUG
1: ind. ticket,91212295,5218794405
DEBUG
1: ind. ticket,91212295,5218794406
DEBUG
1: ind. ticket,91212295,5218794407
DEBUG
1: ind. ticket,91212295,5218794408
DEBUG
1: ind. ticket,91212295,5218794409
DEBUG
1: ind. ticket,91212295,5218794410
DEBUG
1: ind. ticket,91212295,5218794411
DEBUG
1: ind. ticket,91212295,5218794412
DEBUG
1: ind. ticket,91212295,5218794413
DEBUG
1: ind. ticket,91212295,5218794414
DEBUG
1: ind. ticket,91212295,5218794415
DEBUG
1: ind. ticket,91212295,5218794416
DEBUG
1: ind. ticket,91212295,5218794417
DEBUG
1: ind. ticket,91212295,5218794418
DEBUG
1: ind. ticket,91212295,5218794419
DEBUG
1: ind. ticket,91212295,5218794420
DEBUG
1: ind. ticket,91212295,5218794421
DEBUG
1: ind. ticket,91212295,5218794422
DEBUG
1: ind. ticket,91212295,5218794423
DEBUG
1: ind. ticket,91212295,5218794424
DEBUG
1: ind. ticket,91212295,5218794425
DEBUG
1: ind. ticket,91212295,5218794426
DEBUG
1: ind. ticket,91212295,5218794427
DEBUG
1: ind. ticket,91212295,5218794428
DEBUG
1: ind. ticket,91212295,5218794429
DEBUG
1: ind. ticket,91212295,5218794430
DEBUG
1: ind. ticket,91212295,5218794431
DEBUG
1: ind. ticket,91212295,5218794432
DEBUG
1: ind. ticket,91212295,5218794433
DEBUG
1: ind. ticket,91212295,5218794434
DEBUG
1: ind. ticket,91212295,5218794435
DEBUG
1: ind. ticket,91212295,5218794436
DEBUG
1: ind. ticket,91212295,5218794437
DEBUG
1: ind. ticket,91212295,5218794438
DEBUG
1: ind. ticket,91212295,5218794439
DEBUG
1: ind. ticket,91212295,5218794440
DEBUG
1: ind. ticket,91212295,5218794441
DEBUG
1: ind. ticket,91212295,5218794442
DEBUG
1: ind. ticket,91212295,5218794443
DEBUG
1: ind. ticket,91212295,5218794444
DEBUG
1: ind. ticket,91212295,5218794445
DEBUG
1: ind. ticket,91212295,5218794446
DEBUG
1: ind. ticket,91212295,5218794447
DEBUG
1: ind. ticket,91212295,5218794448
DEBUG
1: ind. ticket,91212295,5218794449
DEBUG
1: ind. ticket,91212295,5218794450
DEBUG
1: ind. ticket,91212295,5218794451
DEBUG
1: ind. ticket,91212295,5218794452
DEBUG
1: ind. ticket,91212295,5218794453
DEBUG
1: ind. ticket,91212295,5218794454
DEBUG
1: ind. ticket,91212295,5218794455
DEBUG
1: ind. ticket,91212295,5218794456
DEBUG
1: ind. ticket,91212295,5218794457
DEBUG
1: ind. ticket,91212295,5218794458
DEBUG
1: ind. ticket,91212295,5218794459
DEBUG
1: ind. ticket,91212295,5218794460
DEBUG
1: ind. ticket,91212295,5218794461
DEBUG
1: ind. ticket,91212295,5218794462
DEBUG
1: ind. ticket,91212295,5218794463
DEBUG
1: ind. ticket,91212295,5218794464
DEBUG
1: ind. ticket,91212295,5218794465
DEBUG
1: ind. ticket,91212295,5218794466
DEBUG
1: ind. ticket,91212295,5218794467
DEBUG
1: ind. ticket,91212295,5218794468
DEBUG
1: ind. ticket,91212295,5218794469
DEBUG
1: ind. ticket,91212295,5218794470
DEBUG
1: ind. ticket,91212295,5218794471
DEBUG
1: ind. ticket,91212295,5218794472
DEBUG
1: ind. ticket,91212295,5218794473
DEBUG
1: ind. ticket,91212295,5218794474
DEBUG
1: ind. ticket,91212295,5218794475
DEBUG
1: ind. ticket,91212295,5218794476
DEBUG
1: ind. ticket,91212295,5218794477
DEBUG
1: ind. ticket,91212295,5218794478
DEBUG
1: ind. ticket,91212295,5218794479
DEBUG
1: ind. ticket,91212295,5218794480
DEBUG
1: ind. ticket,91212295,5218794481
DEBUG
1: ind. ticket,91212295,5218794482
DEBUG
1: ind. ticket,91212295,5218794483
DEBUG
1: ind. ticket,91212295,5218794484
DEBUG
1: ind. ticket,91212295,5218794485
DEBUG
1: ind. ticket,91212295,5218794486
DEBUG
1: ind. ticket,91212295,5218794487
DEBUG
1: ind. ticket,91212295,5218794488
DEBUG
1: ind. ticket,91212295,5218794489
DEBUG
1: ind. ticket,91212295,5218794490
DEBUG
1: ind. ticket,91212295,5218794491
DEBUG
1: ind. ticket,91212295,5218794492
DEBUG
1: ind. ticket,91212295,5218794493
DEBUG
1: ind. ticket,91212295,5218794494
DEBUG
1: ind. ticket,91212295,5218794495
DEBUG
1: ind. ticket,91212295,5218794496
DEBUG
1: ind. ticket,91212295,5218794497
DEBUG
1: ind. ticket,91212295,5218794498
DEBUG
1: ind. ticket,91212295,5218794499
DEBUG
1: Missing:iata,91212295, from,5218794390, up to,5218794499,numtkts,110
DEBUG
1: Range to check:8 iata:91212295 tkt start:6999292500 tkt end:6999292749 18-jan-16 08:45:04
DEBUG
1: c_range.ticket_no_end6999292749c_range.ticket_no_start6999292500
DEBUG
1: v_end250
DEBUG
1: ind. ticket,91212295,6999292517
DEBUG
1: Missing:iata,91212295, from,6999292517, up to,6999292517,numtkts,1
DEBUG
1: ind. ticket,91212295,6999292519
DEBUG
1: Missing:iata,91212295, from,6999292519, up to,6999292519,numtkts,1
DEBUG
1: ind. ticket,91212295,6999292529
DEBUG
1: ind. ticket,91212295,6999292530
DEBUG
1: ind. ticket,91212295,6999292531
DEBUG
1: ind. ticket,91212295,6999292532
DEBUG
1: ind. ticket,91212295,6999292533
DEBUG
1: ind. ticket,91212295,6999292534
DEBUG
1: ind. ticket,91212295,6999292535
DEBUG
1: ind. ticket,91212295,6999292536
DEBUG
1: ind. ticket,91212295,6999292537
DEBUG
1: ind. ticket,91212295,6999292538
DEBUG
1: ind. ticket,91212295,6999292539
DEBUG
1: ind. ticket,91212295,6999292540
DEBUG
1: ind. ticket,91212295,6999292541
DEBUG
1: ind. ticket,91212295,6999292542
DEBUG
1: ind. ticket,91212295,6999292543
DEBUG
1: ind. ticket,91212295,6999292544
DEBUG
1: ind. ticket,91212295,6999292545
DEBUG
1: ind. ticket,91212295,6999292546
DEBUG
1: ind. ticket,91212295,6999292547
DEBUG
1: ind. ticket,91212295,6999292548
DEBUG
1: ind. ticket,91212295,6999292549
DEBUG
1: ind. ticket,91212295,6999292550
DEBUG
1: ind. ticket,91212295,6999292551
DEBUG
1: ind. ticket,91212295,6999292552
DEBUG
1: ind. ticket,91212295,6999292553
DEBUG
1: ind. ticket,91212295,6999292554
DEBUG
1: ind. ticket,91212295,6999292555
DEBUG
1: ind. ticket,91212295,6999292556
DEBUG
1: ind. ticket,91212295,6999292557
DEBUG
1: ind. ticket,91212295,6999292558
DEBUG
1: ind. ticket,91212295,6999292559
DEBUG
1: ind. ticket,91212295,6999292560
DEBUG
1: ind. ticket,91212295,6999292561
DEBUG
1: ind. ticket,91212295,6999292562
DEBUG
1: ind. ticket,91212295,6999292563
DEBUG
1: ind. ticket,91212295,6999292564
DEBUG
1: ind. ticket,91212295,6999292565
DEBUG
1: ind. ticket,91212295,6999292566
DEBUG
1: ind. ticket,91212295,6999292567
DEBUG
1: ind. ticket,91212295,6999292568
DEBUG
1: ind. ticket,91212295,6999292569
DEBUG
1: ind. ticket,91212295,6999292570
DEBUG
1: ind. ticket,91212295,6999292571
DEBUG
1: ind. ticket,91212295,6999292572
DEBUG
1: ind. ticket,91212295,6999292573
DEBUG
1: ind. ticket,91212295,6999292574
DEBUG
1: ind. ticket,91212295,6999292575
DEBUG
1: ind. ticket,91212295,6999292576
DEBUG
1: ind. ticket,91212295,6999292577
DEBUG
1: ind. ticket,91212295,6999292578
DEBUG
1: ind. ticket,91212295,6999292579
DEBUG
1: ind. ticket,91212295,6999292580
DEBUG
1: ind. ticket,91212295,6999292581
DEBUG
1: ind. ticket,91212295,6999292582
DEBUG
1: ind. ticket,91212295,6999292583
DEBUG
1: ind. ticket,91212295,6999292584
DEBUG
1: ind. ticket,91212295,6999292585
DEBUG
1: ind. ticket,91212295,6999292586
DEBUG
1: ind. ticket,91212295,6999292587
DEBUG
1: ind. ticket,91212295,6999292588
DEBUG
1: ind. ticket,91212295,6999292589
DEBUG
1: ind. ticket,91212295,6999292590
DEBUG
1: ind. ticket,91212295,6999292591
DEBUG
1: ind. ticket,91212295,6999292592
DEBUG
1: ind. ticket,91212295,6999292593
DEBUG
1: ind. ticket,91212295,6999292594
DEBUG
1: ind. ticket,91212295,6999292595
DEBUG
1: ind. ticket,91212295,6999292596
DEBUG
1: ind. ticket,91212295,6999292597
DEBUG
1: ind. ticket,91212295,6999292598
DEBUG
1: ind. ticket,91212295,6999292599
DEBUG
1: ind. ticket,91212295,6999292600
DEBUG
1: ind. ticket,91212295,6999292601
DEBUG
1: ind. ticket,91212295,6999292602
DEBUG
1: ind. ticket,91212295,6999292603
DEBUG
1: ind. ticket,91212295,6999292604
DEBUG
1: ind. ticket,91212295,6999292605
DEBUG
1: ind. ticket,91212295,6999292606
DEBUG
1: ind. ticket,91212295,6999292607
DEBUG
1: ind. ticket,91212295,6999292608
DEBUG
1: ind. ticket,91212295,6999292609
DEBUG
1: ind. ticket,91212295,6999292610
DEBUG
1: ind. ticket,91212295,6999292611
DEBUG
1: ind. ticket,91212295,6999292612
DEBUG
1: ind. ticket,91212295,6999292613
DEBUG
1: ind. ticket,91212295,6999292614
DEBUG
1: ind. ticket,91212295,6999292615
DEBUG
1: ind. ticket,91212295,6999292616
DEBUG
1: ind. ticket,91212295,6999292617
DEBUG
1: ind. ticket,91212295,6999292618
DEBUG
1: ind. ticket,91212295,6999292619
DEBUG
1: ind. ticket,91212295,6999292620
DEBUG
1: ind. ticket,91212295,6999292621
DEBUG
1: ind. ticket,91212295,6999292622
DEBUG
1: ind. ticket,91212295,6999292623
DEBUG
1: ind. ticket,91212295,6999292624
DEBUG
1: ind. ticket,91212295,6999292625
DEBUG
1: ind. ticket,91212295,6999292626
DEBUG
1: ind. ticket,91212295,6999292627
DEBUG
1: ind. ticket,91212295,6999292628
DEBUG
1: ind. ticket,91212295,6999292629
DEBUG
1: ind. ticket,91212295,6999292630
DEBUG
1: ind. ticket,91212295,6999292631
DEBUG
1: ind. ticket,91212295,6999292632
DEBUG
1: ind. ticket,91212295,6999292633
DEBUG
1: ind. ticket,91212295,6999292634
DEBUG
1: ind. ticket,91212295,6999292635
DEBUG
1: ind. ticket,91212295,6999292636
DEBUG
1: ind. ticket,91212295,6999292637
DEBUG
1: ind. ticket,91212295,6999292638
DEBUG
1: ind. ticket,91212295,6999292639
DEBUG
1: ind. ticket,91212295,6999292640
DEBUG
1: ind. ticket,91212295,6999292641
DEBUG
1: ind. ticket,91212295,6999292642
DEBUG
1: ind. ticket,91212295,6999292643
DEBUG
1: ind. ticket,91212295,6999292644
DEBUG
1: ind. ticket,91212295,6999292645
DEBUG
1: ind. ticket,91212295,6999292646
DEBUG
1: ind. ticket,91212295,6999292647
DEBUG
1: ind. ticket,91212295,6999292648
DEBUG
1: ind. ticket,91212295,6999292649
DEBUG
1: ind. ticket,91212295,6999292650
DEBUG
1: ind. ticket,91212295,6999292651
DEBUG
1: ind. ticket,91212295,6999292652
DEBUG
1: ind. ticket,91212295,6999292653
DEBUG
1: ind. ticket,91212295,6999292654
DEBUG
1: ind. ticket,91212295,6999292655
DEBUG
1: ind. ticket,91212295,6999292656
DEBUG
1: ind. ticket,91212295,6999292657
DEBUG
1: ind. ticket,91212295,6999292658
DEBUG
1: ind. ticket,91212295,6999292659
DEBUG
1: ind. ticket,91212295,6999292660
DEBUG
1: ind. ticket,91212295,6999292661
DEBUG
1: ind. ticket,91212295,6999292662
DEBUG
1: ind. ticket,91212295,6999292663
DEBUG
1: ind. ticket,91212295,6999292664
DEBUG
1: ind. ticket,91212295,6999292665
DEBUG
1: ind. ticket,91212295,6999292666
DEBUG
1: ind. ticket,91212295,6999292667
DEBUG
1: ind. ticket,91212295,6999292668
DEBUG
1: ind. ticket,91212295,6999292669
DEBUG
1: ind. ticket,91212295,6999292670
DEBUG
1: ind. ticket,91212295,6999292671
DEBUG
1: ind. ticket,91212295,6999292672
DEBUG
1: ind. ticket,91212295,6999292673
DEBUG
1: ind. ticket,91212295,6999292674
DEBUG
1: ind. ticket,91212295,6999292675
DEBUG
1: ind. ticket,91212295,6999292676
DEBUG
1: ind. ticket,91212295,6999292677
DEBUG
1: ind. ticket,91212295,6999292678
DEBUG
1: ind. ticket,91212295,6999292679
DEBUG
1: ind. ticket,91212295,6999292680
DEBUG
1: ind. ticket,91212295,6999292681
DEBUG
1: ind. ticket,91212295,6999292682
DEBUG
1: ind. ticket,91212295,6999292683
DEBUG
1: ind. ticket,91212295,6999292684
DEBUG
1: ind. ticket,91212295,6999292685
DEBUG
1: ind. ticket,91212295,6999292686
DEBUG
1: ind. ticket,91212295,6999292687
DEBUG
1: ind. ticket,91212295,6999292688
DEBUG
1: ind. ticket,91212295,6999292689
DEBUG
1: ind. ticket,91212295,6999292690
DEBUG
1: ind. ticket,91212295,6999292691
DEBUG
1: ind. ticket,91212295,6999292692
DEBUG
1: ind. ticket,91212295,6999292693
DEBUG
1: ind. ticket,91212295,6999292694
DEBUG
1: ind. ticket,91212295,6999292695
DEBUG
1: ind. ticket,91212295,6999292696
DEBUG
1: ind. ticket,91212295,6999292697
DEBUG
1: ind. ticket,91212295,6999292698
DEBUG
1: ind. ticket,91212295,6999292699
DEBUG
1: ind. ticket,91212295,6999292700
DEBUG
1: ind. ticket,91212295,6999292701
DEBUG
1: ind. ticket,91212295,6999292702
DEBUG
1: ind. ticket,91212295,6999292703
DEBUG
1: ind. ticket,91212295,6999292704
DEBUG
1: ind. ticket,91212295,6999292705
DEBUG
1: ind. ticket,91212295,6999292706
DEBUG
1: ind. ticket,91212295,6999292707
DEBUG
1: ind. ticket,91212295,6999292708
DEBUG
1: ind. ticket,91212295,6999292709
DEBUG
1: ind. ticket,91212295,6999292710
DEBUG
1: ind. ticket,91212295,6999292711
DEBUG
1: ind. ticket,91212295,6999292712
DEBUG
1: ind. ticket,91212295,6999292713
DEBUG
1: ind. ticket,91212295,6999292714
DEBUG
1: ind. ticket,91212295,6999292715
DEBUG
1: ind. ticket,91212295,6999292716
DEBUG
1: ind. ticket,91212295,6999292717
DEBUG
1: ind. ticket,91212295,6999292718
DEBUG
1: ind. ticket,91212295,6999292719
DEBUG
1: ind. ticket,91212295,6999292720
DEBUG
1: ind. ticket,91212295,6999292721
DEBUG
1: ind. ticket,91212295,6999292722
DEBUG
1: ind. ticket,91212295,6999292723
DEBUG
1: ind. ticket,91212295,6999292724
DEBUG
1: ind. ticket,91212295,6999292725
DEBUG
1: ind. ticket,91212295,6999292726
DEBUG
1: ind. ticket,91212295,6999292727
DEBUG
1: ind. ticket,91212295,6999292728
DEBUG
1: ind. ticket,91212295,6999292729
DEBUG
1: ind. ticket,91212295,6999292730
DEBUG
1: ind. ticket,91212295,6999292731
DEBUG
1: ind. ticket,91212295,6999292732
DEBUG
1: ind. ticket,91212295,6999292733
DEBUG
1: ind. ticket,91212295,6999292734
DEBUG
1: ind. ticket,91212295,6999292735
DEBUG
1: ind. ticket,91212295,6999292736
DEBUG
1: ind. ticket,91212295,6999292737
DEBUG
1: ind. ticket,91212295,6999292738
DEBUG
1: ind. ticket,91212295,6999292739
DEBUG
1: ind. ticket,91212295,6999292740
DEBUG
1: ind. ticket,91212295,6999292741
DEBUG
1: ind. ticket,91212295,6999292742
DEBUG
1: ind. ticket,91212295,6999292743
DEBUG
1: ind. ticket,91212295,6999292744
DEBUG
1: ind. ticket,91212295,6999292745
DEBUG
1: ind. ticket,91212295,6999292746
DEBUG
1: ind. ticket,91212295,6999292747
DEBUG
1: ind. ticket,91212295,6999292748
DEBUG
1: ind. ticket,91212295,6999292749
DEBUG
1: Missing:iata,91212295, from,6999292529, up to,6999292749,numtkts,221
DEBUG
1: Range to check:9 iata:91212295 tkt start:8349841600 tkt end:8349841799 18-jan-16 08:45:04
DEBUG
1: c_range.ticket_no_end8349841799c_range.ticket_no_start8349841600
DEBUG
1: v_end200
DEBUG
1: ind. ticket,91212295,8349841600
DEBUG
1: ind. ticket,91212295,8349841601
DEBUG
1: ind. ticket,91212295,8349841602
DEBUG
1: ind. ticket,91212295,8349841603
DEBUG
1: ind. ticket,91212295,8349841604
DEBUG
1: ind. ticket,91212295,8349841605
DEBUG
1: ind. ticket,91212295,8349841606
DEBUG
1: ind. ticket,91212295,8349841607
DEBUG
1: ind. ticket,91212295,8349841608
DEBUG
1: ind. ticket,91212295,8349841609
DEBUG
1: ind. ticket,91212295,8349841610
DEBUG
1: ind. ticket,91212295,8349841611
DEBUG
1: ind. ticket,91212295,8349841612
DEBUG
1: ind. ticket,91212295,8349841613
DEBUG
1: ind. ticket,91212295,8349841614
DEBUG
1: ind. ticket,91212295,8349841615
DEBUG
1: ind. ticket,91212295,8349841616
DEBUG
1: ind. ticket,91212295,8349841617
DEBUG
1: ind. ticket,91212295,8349841618
DEBUG
1: ind. ticket,91212295,8349841619
DEBUG
1: ind. ticket,91212295,8349841620
DEBUG
1: ind. ticket,91212295,8349841621
DEBUG
1: ind. ticket,91212295,8349841622
DEBUG
1: ind. ticket,91212295,8349841623
DEBUG
1: ind. ticket,91212295,8349841624
DEBUG
1: ind. ticket,91212295,8349841625
DEBUG
1: ind. ticket,91212295,8349841626
DEBUG
1: ind. ticket,91212295,8349841627
DEBUG
1: ind. ticket,91212295,8349841628
DEBUG
1: ind. ticket,91212295,8349841629
DEBUG
1: ind. ticket,91212295,8349841630
DEBUG
1: ind. ticket,91212295,8349841631
DEBUG
1: ind. ticket,91212295,8349841632
DEBUG
1: ind. ticket,91212295,8349841633
DEBUG
1: ind. ticket,91212295,8349841634
DEBUG
1: ind. ticket,91212295,8349841635
DEBUG
1: ind. ticket,91212295,8349841636
DEBUG
1: ind. ticket,91212295,8349841637
DEBUG
1: ind. ticket,91212295,8349841638
DEBUG
1: ind. ticket,91212295,8349841639
DEBUG
1: ind. ticket,91212295,8349841640
DEBUG
1: ind. ticket,91212295,8349841641
DEBUG
1: ind. ticket,91212295,8349841642
DEBUG
1: ind. ticket,91212295,8349841643
DEBUG
1: ind. ticket,91212295,8349841644
DEBUG
1: ind. ticket,91212295,8349841645
DEBUG
1: ind. ticket,91212295,8349841646
DEBUG
1: ind. ticket,91212295,8349841647
DEBUG
1: ind. ticket,91212295,8349841648
DEBUG
1: ind. ticket,91212295,8349841649
DEBUG
1: ind. ticket,91212295,8349841650
DEBUG
1: ind. ticket,91212295,8349841651
DEBUG
1: ind. ticket,91212295,8349841652
DEBUG
1: ind. ticket,91212295,8349841653
DEBUG
1: ind. ticket,91212295,8349841654
DEBUG
1: ind. ticket,91212295,8349841655
DEBUG
1: ind. ticket,91212295,8349841656
DEBUG
1: ind. ticket,91212295,8349841657
DEBUG
1: ind. ticket,91212295,8349841658
DEBUG
1: ind. ticket,91212295,8349841659
DEBUG
1: ind. ticket,91212295,8349841660
DEBUG
1: ind. ticket,91212295,8349841661
DEBUG
1: ind. ticket,91212295,8349841662
DEBUG
1: ind. ticket,91212295,8349841663
DEBUG
1: ind. ticket,91212295,8349841664
DEBUG
1: ind. ticket,91212295,8349841665
DEBUG
1: ind. ticket,91212295,8349841666
DEBUG
1: ind. ticket,91212295,8349841667
DEBUG
1: ind. ticket,91212295,8349841668
DEBUG
1: ind. ticket,91212295,8349841669
DEBUG
1: ind. ticket,91212295,8349841670
DEBUG
1: ind. ticket,91212295,8349841671
DEBUG
1: ind. ticket,91212295,8349841672
DEBUG
1: ind. ticket,91212295,8349841673
DEBUG
1: ind. ticket,91212295,8349841674
DEBUG
1: ind. ticket,91212295,8349841675
DEBUG
1: ind. ticket,91212295,8349841676
DEBUG
1: ind. ticket,91212295,8349841677
DEBUG
1: ind. ticket,91212295,8349841678
DEBUG
1: ind. ticket,91212295,8349841679
DEBUG
1: ind. ticket,91212295,8349841680
DEBUG
1: ind. ticket,91212295,8349841681
DEBUG
1: ind. ticket,91212295,8349841682
DEBUG
1: ind. ticket,91212295,8349841683
DEBUG
1: ind. ticket,91212295,8349841684
DEBUG
1: ind. ticket,91212295,8349841685
DEBUG
1: ind. ticket,91212295,8349841686
DEBUG
1: ind. ticket,91212295,8349841687
DEBUG
1: ind. ticket,91212295,8349841688
DEBUG
1: ind. ticket,91212295,8349841689
DEBUG
1: ind. ticket,91212295,8349841690
DEBUG
1: ind. ticket,91212295,8349841691
DEBUG
1: ind. ticket,91212295,8349841692
DEBUG
1: ind. ticket,91212295,8349841693
DEBUG
1: ind. ticket,91212295,8349841694
DEBUG
1: ind. ticket,91212295,8349841695
DEBUG
1: ind. ticket,91212295,8349841696
DEBUG
1: ind. ticket,91212295,8349841697
DEBUG
1: ind. ticket,91212295,8349841698
DEBUG
1: ind. ticket,91212295,8349841699
DEBUG
1: ind. ticket,91212295,8349841700
DEBUG
1: ind. ticket,91212295,8349841701
DEBUG
1: ind. ticket,91212295,8349841702
DEBUG
1: ind. ticket,91212295,8349841703
DEBUG
1: ind. ticket,91212295,8349841704
DEBUG
1: ind. ticket,91212295,8349841705
DEBUG
1: ind. ticket,91212295,8349841706
DEBUG
1: ind. ticket,91212295,8349841707
DEBUG
1: ind. ticket,91212295,8349841708
DEBUG
1: ind. ticket,91212295,8349841709
DEBUG
1: ind. ticket,91212295,8349841710
DEBUG
1: ind. ticket,91212295,8349841711
DEBUG
1: ind. ticket,91212295,8349841712
DEBUG
1: ind. ticket,91212295,8349841713
DEBUG
1: ind. ticket,91212295,8349841714
DEBUG
1: ind. ticket,91212295,8349841715
DEBUG
1: ind. ticket,91212295,8349841716
DEBUG
1: ind. ticket,91212295,8349841717
DEBUG
1: ind. ticket,91212295,8349841718
DEBUG
1: ind. ticket,91212295,8349841719
DEBUG
1: ind. ticket,91212295,8349841720
DEBUG
1: ind. ticket,91212295,8349841721
DEBUG
1: ind. ticket,91212295,8349841722
DEBUG
1: ind. ticket,91212295,8349841723
DEBUG
1: ind. ticket,91212295,8349841724
DEBUG
1: ind. ticket,91212295,8349841725
DEBUG
1: ind. ticket,91212295,8349841726
DEBUG
1: ind. ticket,91212295,8349841727
DEBUG
1: ind. ticket,91212295,8349841728
DEBUG
1: ind. ticket,91212295,8349841729
DEBUG
1: ind. ticket,91212295,8349841730
DEBUG
1: ind. ticket,91212295,8349841731
DEBUG
1: ind. ticket,91212295,8349841732
DEBUG
1: ind. ticket,91212295,8349841733
DEBUG
1: ind. ticket,91212295,8349841734
DEBUG
1: ind. ticket,91212295,8349841735
DEBUG
1: ind. ticket,91212295,8349841736
DEBUG
1: ind. ticket,91212295,8349841737
DEBUG
1: ind. ticket,91212295,8349841738
DEBUG
1: ind. ticket,91212295,8349841739
DEBUG
1: ind. ticket,91212295,8349841740
DEBUG
1: ind. ticket,91212295,8349841741
DEBUG
1: ind. ticket,91212295,8349841742
DEBUG
1: ind. ticket,91212295,8349841743
DEBUG
1: ind. ticket,91212295,8349841744
DEBUG
1: ind. ticket,91212295,8349841745
DEBUG
1: ind. ticket,91212295,8349841746
DEBUG
1: Missing:iata,91212295, from,8349841600, up to,8349841746,numtkts,147
DEBUG
1: ind. ticket,91212295,8349841752
DEBUG
1: ind. ticket,91212295,8349841753
DEBUG
1: ind. ticket,91212295,8349841754
DEBUG
1: ind. ticket,91212295,8349841755
DEBUG
1: Missing:iata,91212295, from,8349841752, up to,8349841755,numtkts,4
DEBUG
1: ind. ticket,91212295,8349841760
DEBUG
1: ind. ticket,91212295,8349841761
DEBUG
1: ind. ticket,91212295,8349841762
DEBUG
1: ind. ticket,91212295,8349841763
DEBUG
1: ind. ticket,91212295,8349841764
DEBUG
1: ind. ticket,91212295,8349841765
DEBUG
1: ind. ticket,91212295,8349841766
DEBUG
1: ind. ticket,91212295,8349841767
DEBUG
1: ind. ticket,91212295,8349841768
DEBUG
1: ind. ticket,91212295,8349841769
DEBUG
1: ind. ticket,91212295,8349841770
DEBUG
1: ind. ticket,91212295,8349841771
DEBUG
1: ind. ticket,91212295,8349841772
DEBUG
1: ind. ticket,91212295,8349841773
DEBUG
1: ind. ticket,91212295,8349841774
DEBUG
1: ind. ticket,91212295,8349841775
DEBUG
1: ind. ticket,91212295,8349841776
DEBUG
1: ind. ticket,91212295,8349841777
DEBUG
1: ind. ticket,91212295,8349841778
DEBUG
1: ind. ticket,91212295,8349841779
DEBUG
1: ind. ticket,91212295,8349841780
DEBUG
1: ind. ticket,91212295,8349841781
DEBUG
1: ind. ticket,91212295,8349841782
DEBUG
1: ind. ticket,91212295,8349841783
DEBUG
1: ind. ticket,91212295,8349841784
DEBUG
1: ind. ticket,91212295,8349841785
DEBUG
1: ind. ticket,91212295,8349841786
DEBUG
1: ind. ticket,91212295,8349841787
DEBUG
1: ind. ticket,91212295,8349841788
DEBUG
1: ind. ticket,91212295,8349841789
DEBUG
1: ind. ticket,91212295,8349841790
DEBUG
1: ind. ticket,91212295,8349841791
DEBUG
1: ind. ticket,91212295,8349841792
DEBUG
1: ind. ticket,91212295,8349841793
DEBUG
1: ind. ticket,91212295,8349841794
DEBUG
1: ind. ticket,91212295,8349841795
DEBUG
1: ind. ticket,91212295,8349841796
DEBUG
1: ind. ticket,91212295,8349841797
DEBUG
1: ind. ticket,91212295,8349841798
DEBUG
1: ind. ticket,91212295,8349841799
DEBUG
1: Missing:iata,91212295, from,8349841760, up to,8349841799,numtkts,40
DEBUG
1: Range to check:10 iata:91212295 tkt start:8350216250 tkt end:8350217249 18-jan-16 08:45:04
DEBUG
1: c_range.ticket_no_end8350217249c_range.ticket_no_start8350216250
DEBUG
1: v_end1000
DEBUG
1: ind. ticket,91212295,8350216387
DEBUG
1: ind. ticket,91212295,8350216388
DEBUG
1: ind. ticket,91212295,8350216389
DEBUG
1: Missing:iata,91212295, from,8350216387, up to,8350216389,numtkts,3
DEBUG
1: ind. ticket,91212295,8350217248
DEBUG
1: ind. ticket,91212295,8350217249
DEBUG
1: Missing:iata,91212295, from,8350217248, up to,8350217249,numtkts,2
DEBUG
1: Range to check:11 iata:91212295 tkt start:8376242000 tkt end:8376242999 18-jan-16 08:45:04
DEBUG
1: c_range.ticket_no_end8376242999c_range.ticket_no_start8376242000
DEBUG
1: v_end1000
DEBUG
1: ind. ticket,91212295,8376242999
DEBUG
1: Missing:iata,91212295, from,8376242999, up to,8376242999,numtkts,1
DEBUG
1: Range to check:12 iata:91212295 tkt start:8376865500 tkt end:8376866499 18-jan-16 08:45:05
DEBUG
1: c_range.ticket_no_end8376866499c_range.ticket_no_start8376865500
DEBUG
1: v_end1000
DEBUG
1: ind. ticket,91212295,8376866495
DEBUG
1: ind. ticket,91212295,8376866496
DEBUG
1: ind. ticket,91212295,8376866497
DEBUG
1: ind. ticket,91212295,8376866498
DEBUG
1: ind. ticket,91212295,8376866499
DEBUG
1: Missing:iata,91212295, from,8376866495, up to,8376866499,numtkts,5
DEBUG
1: Range to check:13 iata:91269161 tkt start:1711009000 tkt end:1711009249 18-jan-16 08:45:05
DEBUG
1: c_range.ticket_no_end1711009249c_range.ticket_no_start1711009000
DEBUG
1: v_end250
DEBUG
1: ind. ticket,91269161,1711009007
DEBUG
1: ind. ticket,91269161,1711009008
DEBUG
1: Missing:iata,91269161, from,1711009007, up to,1711009008,numtkts,2
DEBUG
1: ind. ticket,91269161,1711009021
DEBUG
1: ind. ticket,91269161,1711009022
DEBUG
1: Missing:iata,91269161, from,1711009021, up to,1711009022,numtkts,2
DEBUG
1: ind. ticket,91269161,1711009092
DEBUG
1: ind. ticket,91269161,1711009093
DEBUG
1: ind. ticket,91269161,1711009094
DEBUG
1: ind. ticket,91269161,1711009095
DEBUG
1: ind. ticket,91269161,1711009096
DEBUG
1: ind. ticket,91269161,1711009097
DEBUG
1: Missing:iata,91269161, from,1711009092, up to,1711009097,numtkts,6
DEBUG
1: ind. ticket,91269161,1711009160
DEBUG
1: Missing:iata,91269161, from,1711009160, up to,1711009160,numtkts,1
DEBUG
1: ind. ticket,91269161,1711009249
DEBUG
1: Missing:iata,91269161, from,1711009249, up to,1711009249,numtkts,1
DEBUG
1: Range to check:14 iata:91269161 tkt start:4385172500 tkt end:4385172749 18-jan-16 08:45:05
DEBUG
1: c_range.ticket_no_end4385172749c_range.ticket_no_start4385172500
DEBUG
1: v_end250
DEBUG
1: ind. ticket,91269161,4385172624
DEBUG
1: ind. ticket,91269161,4385172625
DEBUG
1: ind. ticket,91269161,4385172626
DEBUG
1: ind. ticket,91269161,4385172627
DEBUG
1: ind. ticket,91269161,4385172628
DEBUG
1: ind. ticket,91269161,4385172629
DEBUG
1: ind. ticket,91269161,4385172630
DEBUG
1: ind. ticket,91269161,4385172631
DEBUG
1: ind. ticket,91269161,4385172632
DEBUG
1: ind. ticket,91269161,4385172633
DEBUG
1: ind. ticket,91269161,4385172634
DEBUG
1: ind. ticket,91269161,4385172635
DEBUG
1: ind. ticket,91269161,4385172636
DEBUG
1: ind. ticket,91269161,4385172637
DEBUG
1: Missing:iata,91269161, from,4385172624, up to,4385172637,numtkts,14
DEBUG
1: ind. ticket,91269161,4385172749
DEBUG
1: Missing:iata,91269161, from,4385172749, up to,4385172749,numtkts,1
DEBUG
1: Range to check:15 iata:91269161 tkt start:4385307500 tkt end:4385307749 18-jan-16 08:45:06
DEBUG
1: c_range.ticket_no_end4385307749c_range.ticket_no_start4385307500
DEBUG
1: v_end250
DEBUG
1: ind. ticket,91269161,4385307743
DEBUG
1: ind. ticket,91269161,4385307744
DEBUG
1: ind. ticket,91269161,4385307745
DEBUG
1: ind. ticket,91269161,4385307746
DEBUG
1: ind. ticket,91269161,4385307747
DEBUG
1: ind. ticket,91269161,4385307748
DEBUG
1: ind. ticket,91269161,4385307749
DEBUG
1: Missing:iata,91269161, from,4385307743, up to,4385307749,numtkts,7
DEBUG
1: Range to check:16 iata:91269161 tkt start:4385471500 tkt end:4385471749 18-jan-16 08:45:06
DEBUG
1: c_range.ticket_no_end4385471749c_range.ticket_no_start4385471500
DEBUG
1: v_end250
DEBUG
1: ind. ticket,91269161,4385471577
DEBUG
1: Missing:iata,91269161, from,4385471577, up to,4385471577,numtkts,1
DEBUG
1: ind. ticket,91269161,4385471579
DEBUG
1: Missing:iata,91269161, from,4385471579, up to,4385471579,numtkts,1
DEBUG
1: ind. ticket,91269161,4385471593
DEBUG
1: ind. ticket,91269161,4385471594
DEBUG
1: Missing:iata,91269161, from,4385471593, up to,4385471594,numtkts,2
DEBUG
1: ind. ticket,91269161,4385471648
DEBUG
1: Missing:iata,91269161, from,4385471648, up to,4385471648,numtkts,1
DEBUG
1: ind. ticket,91269161,4385471651
DEBUG
1: ind. ticket,91269161,4385471652
DEBUG
1: Missing:iata,91269161, from,4385471651, up to,4385471652,numtkts,2
DEBUG
1: ind. ticket,91269161,4385471676
DEBUG
1: ind. ticket,91269161,4385471677
DEBUG
1: Missing:iata,91269161, from,4385471676, up to,4385471677,numtkts,2
DEBUG
1: ind. ticket,91269161,4385471680
DEBUG
1: ind. ticket,91269161,4385471681
DEBUG
1: Missing:iata,91269161, from,4385471680, up to,4385471681,numtkts,2
DEBUG
1: ind. ticket,91269161,4385471721
DEBUG
1: Missing:iata,91269161, from,4385471721, up to,4385471721,numtkts,1
DEBUG
1: ind. ticket,91269161,4385471746
DEBUG
1: ind. ticket,91269161,4385471747
DEBUG
1: ind. ticket,91269161,4385471748
DEBUG
1: ind. ticket,91269161,4385471749
DEBUG
1: Missing:iata,91269161, from,4385471746, up to,4385471749,numtkts,4
DEBUG
1: Range to check:17 iata:91269161 tkt start:4845157000 tkt end:4845157249 18-jan-16 08:45:06
DEBUG
1: c_range.ticket_no_end4845157249c_range.ticket_no_start4845157000
DEBUG
1: v_end250
DEBUG
1: ind. ticket,91269161,4845157007
DEBUG
1: ind. ticket,91269161,4845157008
DEBUG
1: Missing:iata,91269161, from,4845157007, up to,4845157008,numtkts,2
DEBUG
1: ind. ticket,91269161,4845157249
DEBUG
1: Missing:iata,91269161, from,4845157249, up to,4845157249,numtkts,1
DEBUG
1: Range to check:18 iata:91269161 tkt start:4845250500 tkt end:4845250749 18-jan-16 08:45:06
DEBUG
1: c_range.ticket_no_end4845250749c_range.ticket_no_start4845250500
DEBUG
1: v_end250
DEBUG
1: ind. ticket,91269161,4845250749
DEBUG
1: Missing:iata,91269161, from,4845250749, up to,4845250749,numtkts,1
DEBUG
1: Range to check:19 iata:91269161 tkt start:5138814000 tkt end:5138814749 18-jan-16 08:45:06
DEBUG
1: c_range.ticket_no_end5138814749c_range.ticket_no_start5138814000
DEBUG
1: v_end750
DEBUG
1: ind. ticket,91269161,5138814687
DEBUG
1: ind. ticket,91269161,5138814688
DEBUG
1: ind. ticket,91269161,5138814689
DEBUG
1: ind. ticket,91269161,5138814690
DEBUG
1: ind. ticket,91269161,5138814691
DEBUG
1: ind. ticket,91269161,5138814692
DEBUG
1: ind. ticket,91269161,5138814693
DEBUG
1: ind. ticket,91269161,5138814694
DEBUG
1: ind. ticket,91269161,5138814695
DEBUG
1: ind. ticket,91269161,5138814696
DEBUG
1: ind. ticket,91269161,5138814697
DEBUG
1: ind. ticket,91269161,5138814698
DEBUG
1: ind. ticket,91269161,5138814699
DEBUG
1: ind. ticket,91269161,5138814700
DEBUG
1: ind. ticket,91269161,5138814701
DEBUG
1: ind. ticket,91269161,5138814702
DEBUG
1: ind. ticket,91269161,5138814703
DEBUG
1: ind. ticket,91269161,5138814704
DEBUG
1: ind. ticket,91269161,5138814705
DEBUG
1: ind. ticket,91269161,5138814706
DEBUG
1: ind. ticket,91269161,5138814707
DEBUG
1: ind. ticket,91269161,5138814708
DEBUG
1: ind. ticket,91269161,5138814709
DEBUG
1: ind. ticket,91269161,5138814710
DEBUG
1: ind. ticket,91269161,5138814711
DEBUG
1: ind. ticket,91269161,5138814712
DEBUG
1: ind. ticket,91269161,5138814713
DEBUG
1: ind. ticket,91269161,5138814714
DEBUG
1: ind. ticket,91269161,5138814715
DEBUG
1: ind. ticket,91269161,5138814716
DEBUG
1: ind. ticket,91269161,5138814717
DEBUG
1: ind. ticket,91269161,5138814718
DEBUG
1: ind. ticket,91269161,5138814719
DEBUG
1: ind. ticket,91269161,5138814720
DEBUG
1: ind. ticket,91269161,5138814721
DEBUG
1: ind. ticket,91269161,5138814722
DEBUG
1: ind. ticket,91269161,5138814723
DEBUG
1: ind. ticket,91269161,5138814724
DEBUG
1: ind. ticket,91269161,5138814725
DEBUG
1: ind. ticket,91269161,5138814726
DEBUG
1: ind. ticket,91269161,5138814727
DEBUG
1: ind. ticket,91269161,5138814728
DEBUG
1: ind. ticket,91269161,5138814729
DEBUG
1: ind. ticket,91269161,5138814730
DEBUG
1: ind. ticket,91269161,5138814731
DEBUG
1: ind. ticket,91269161,5138814732
DEBUG
1: ind. ticket,91269161,5138814733
DEBUG
1: ind. ticket,91269161,5138814734
DEBUG
1: ind. ticket,91269161,5138814735
DEBUG
1: ind. ticket,91269161,5138814736
DEBUG
1: ind. ticket,91269161,5138814737
DEBUG
1: ind. ticket,91269161,5138814738
DEBUG
1: ind. ticket,91269161,5138814739
DEBUG
1: ind. ticket,91269161,5138814740
DEBUG
1: ind. ticket,91269161,5138814741
DEBUG
1: ind. ticket,91269161,5138814742
DEBUG
1: ind. ticket,91269161,5138814743
DEBUG
1: ind. ticket,91269161,5138814744
DEBUG
1: ind. ticket,91269161,5138814745
DEBUG
1: ind. ticket,91269161,5138814746
DEBUG
1: ind. ticket,91269161,5138814747
DEBUG
1: ind. ticket,91269161,5138814748
DEBUG
1: ind. ticket,91269161,5138814749
DEBUG
1: Missing:iata,91269161, from,5138814687, up to,5138814749,numtkts,63
DEBUG
1: Range to check:20 iata:91269161 tkt start:6998911250 tkt end:6998911499 18-jan-16 08:45:06
DEBUG
1: c_range.ticket_no_end6998911499c_range.ticket_no_start6998911250
DEBUG
1: v_end250
DEBUG
1: ind. ticket,91269161,6998911266
DEBUG
1: ind. ticket,91269161,6998911267
DEBUG
1: ind. ticket,91269161,6998911268
DEBUG
1: ind. ticket,91269161,6998911269
DEBUG
1: ind. ticket,91269161,6998911270
DEBUG
1: ind. ticket,91269161,6998911271
DEBUG
1: ind. ticket,91269161,6998911272
DEBUG
1: ind. ticket,91269161,6998911273
DEBUG
1: ind. ticket,91269161,6998911274
DEBUG
1: ind. ticket,91269161,6998911275
DEBUG
1: ind. ticket,91269161,6998911276
DEBUG
1: ind. ticket,91269161,6998911277
DEBUG
1: ind. ticket,91269161,6998911278
DEBUG
1: ind. ticket,91269161,6998911279
DEBUG
1: ind. ticket,91269161,6998911280
DEBUG
1: ind. ticket,91269161,6998911281
DEBUG
1: ind. ticket,91269161,6998911282
DEBUG
1: ind. ticket,91269161,6998911283
DEBUG
1: ind. ticket,91269161,6998911284
DEBUG
1: ind. ticket,91269161,6998911285
DEBUG
1: ind. ticket,91269161,6998911286
DEBUG
1: ind. ticket,91269161,6998911287
DEBUG
1: ind. ticket,91269161,6998911288
DEBUG
1: ind. ticket,91269161,6998911289
DEBUG
1: ind. ticket,91269161,6998911290
DEBUG
1: ind. ticket,91269161,6998911291
DEBUG
1: ind. ticket,91269161,6998911292
DEBUG
1: ind. ticket,91269161,6998911293
DEBUG
1: ind. ticket,91269161,6998911294
DEBUG
1: ind. ticket,91269161,6998911295
DEBUG
1: ind. ticket,91269161,6998911296
DEBUG
1: Missing:iata,91269161, from,6998911266, up to,6998911296,numtkts,31
DEBUG
1: ind. ticket,91269161,6998911328
DEBUG
1: ind. ticket,91269161,6998911329
DEBUG
1: ind. ticket,91269161,6998911330
DEBUG
1: ind. ticket,91269161,6998911331
DEBUG
1: ind. ticket,91269161,6998911332
DEBUG
1: ind. ticket,91269161,6998911333
DEBUG
1: ind. ticket,91269161,6998911334
DEBUG
1: ind. ticket,91269161,6998911335
DEBUG
1: Missing:iata,91269161, from,6998911328, up to,6998911335,numtkts,8
DEBUG
1: ind. ticket,91269161,6998911381
DEBUG
1: ind. ticket,91269161,6998911382
DEBUG
1: ind. ticket,91269161,6998911383
DEBUG
1: ind. ticket,91269161,6998911384
DEBUG
1: ind. ticket,91269161,6998911385
DEBUG
1: ind. ticket,91269161,6998911386
DEBUG
1: Missing:iata,91269161, from,6998911381, up to,6998911386,numtkts,6
DEBUG
1: ind. ticket,91269161,6998911399
DEBUG
1: ind. ticket,91269161,6998911400
DEBUG
1: Missing:iata,91269161, from,6998911399, up to,6998911400,numtkts,2
DEBUG
1: ind. ticket,91269161,6998911407
DEBUG
1: ind. ticket,91269161,6998911408
DEBUG
1: ind. ticket,91269161,6998911409
DEBUG
1: ind. ticket,91269161,6998911410
DEBUG
1: Missing:iata,91269161, from,6998911407, up to,6998911410,numtkts,4
DEBUG
1: ind. ticket,91269161,6998911414
DEBUG
1: ind. ticket,91269161,6998911415
DEBUG
1: ind. ticket,91269161,6998911416
DEBUG
1: ind. ticket,91269161,6998911417
DEBUG
1: ind. ticket,91269161,6998911418
DEBUG
1: ind. ticket,91269161,6998911419
DEBUG
1: ind. ticket,91269161,6998911420
DEBUG
1: ind. ticket,91269161,6998911421
DEBUG
1: Missing:iata,91269161, from,6998911414, up to,6998911421,numtkts,8
DEBUG
1: ind. ticket,91269161,6998911490
DEBUG
1: ind. ticket,91269161,6998911491
DEBUG
1: ind. ticket,91269161,6998911492
DEBUG
1: Missing:iata,91269161, from,6998911490, up to,6998911492,numtkts,3
DEBUG
1: ind. ticket,91269161,6998911497
DEBUG
1: ind. ticket,91269161,6998911498
DEBUG
1: ind. ticket,91269161,6998911499
DEBUG
1: Missing:iata,91269161, from,6998911497, up to,6998911499,numtkts,3
DEBUG
1: Range to check:21 iata:91269161 tkt start:6999042000 tkt end:6999042249 18-jan-16 08:45:07
DEBUG
1: c_range.ticket_no_end6999042249c_range.ticket_no_start6999042000
DEBUG
1: v_end250
DEBUG
1: ind. ticket,91269161,6999042004
DEBUG
1: Missing:iata,91269161, from,6999042004, up to,6999042004,numtkts,1
DEBUG
1: ind. ticket,91269161,6999042073
DEBUG
1: ind. ticket,91269161,6999042074
DEBUG
1: ind. ticket,91269161,6999042075
DEBUG
1: Missing:iata,91269161, from,6999042073, up to,6999042075,numtkts,3
DEBUG
1: ind. ticket,91269161,6999042160
DEBUG
1: ind. ticket,91269161,6999042161
DEBUG
1: Missing:iata,91269161, from,6999042160, up to,6999042161,numtkts,2
DEBUG
1: ind. ticket,91269161,6999042163
DEBUG
1: Missing:iata,91269161, from,6999042163, up to,6999042163,numtkts,1
DEBUG
1: ind. ticket,91269161,6999042165
DEBUG
1: Missing:iata,91269161, from,6999042165, up to,6999042165,numtkts,1
DEBUG
1: ind. ticket,91269161,6999042203
DEBUG
1: Missing:iata,91269161, from,6999042203, up to,6999042203,numtkts,1
DEBUG
1: ind. ticket,91269161,6999042247
DEBUG
1: ind. ticket,91269161,6999042248
DEBUG
1: ind. ticket,91269161,6999042249
DEBUG
1: Missing:iata,91269161, from,6999042247, up to,6999042249,numtkts,3
DEBUG
1: Range to check:22 iata:91269161 tkt start:6999191750 tkt end:6999191999 18-jan-16 08:45:07
DEBUG
1: c_range.ticket_no_end6999191999c_range.ticket_no_start6999191750
DEBUG
1: v_end250
DEBUG
1: ind. ticket,91269161,6999191999
DEBUG
1: Missing:iata,91269161, from,6999191999, up to,6999191999,numtkts,1
DEBUG
1: Range to check:23 iata:91269161 tkt start:6999479750 tkt end:6999479999 18-jan-16 08:45:07
DEBUG
1: c_range.ticket_no_end6999479999c_range.ticket_no_start6999479750
DEBUG
1: v_end250
DEBUG
1: ind. ticket,91269161,6999479940
DEBUG
1: Missing:iata,91269161, from,6999479940, up to,6999479940,numtkts,1
DEBUG
1: ind. ticket,91269161,6999479942
DEBUG
1: ind. ticket,91269161,6999479943
DEBUG
1: ind. ticket,91269161,6999479944
DEBUG
1: ind. ticket,91269161,6999479945
DEBUG
1: ind. ticket,91269161,6999479946
DEBUG
1: Missing:iata,91269161, from,6999479942, up to,6999479946,numtkts,5
DEBUG
1: ind. ticket,91269161,6999479999
DEBUG
1: Missing:iata,91269161, from,6999479999, up to,6999479999,numtkts,1
DEBUG
1: Range to check:24 iata:91269161 tkt start:6999527250 tkt end:6999527499 18-jan-16 08:45:07
DEBUG
1: c_range.ticket_no_end6999527499c_range.ticket_no_start6999527250
DEBUG
1: v_end250
DEBUG
1: ind. ticket,91269161,6999527279
DEBUG
1: ind. ticket,91269161,6999527280
DEBUG
1: ind. ticket,91269161,6999527281
DEBUG
1: ind. ticket,91269161,6999527282
DEBUG
1: ind. ticket,91269161,6999527283
DEBUG
1: ind. ticket,91269161,6999527284
DEBUG
1: ind. ticket,91269161,6999527285
DEBUG
1: ind. ticket,91269161,6999527286
DEBUG
1: Missing:iata,91269161, from,6999527279, up to,6999527286,numtkts,8
DEBUG
1: ind. ticket,91269161,6999527292
DEBUG
1: Missing:iata,91269161, from,6999527292, up to,6999527292,numtkts,1
DEBUG
1: ind. ticket,91269161,6999527405
DEBUG
1: Missing:iata,91269161, from,6999527405, up to,6999527405,numtkts,1
DEBUG
1: ind. ticket,91269161,6999527498
DEBUG
1: ind. ticket,91269161,6999527499
DEBUG
1: Missing:iata,91269161, from,6999527498, up to,6999527499,numtkts,2
DEBUG
1: Range to check:25 iata:91269161 tkt start:8351898250 tkt end:8351899249 18-jan-16 08:45:07
DEBUG
1: c_range.ticket_no_end8351899249c_range.ticket_no_start8351898250
DEBUG
1: v_end1000
DEBUG
1: ind. ticket,91269161,8351898534
DEBUG
1: Missing:iata,91269161, from,8351898534, up to,8351898534,numtkts,1
DEBUG
1: ind. ticket,91269161,8351899161
DEBUG
1: ind. ticket,91269161,8351899162
DEBUG
1: Missing:iata,91269161, from,8351899161, up to,8351899162,numtkts,2
DEBUG
1: ind. ticket,91269161,8351899164
DEBUG
1: ind. ticket,91269161,8351899165
DEBUG
1: ind. ticket,91269161,8351899166
DEBUG
1: ind. ticket,91269161,8351899167
DEBUG
1: ind. ticket,91269161,8351899168
DEBUG
1: ind. ticket,91269161,8351899169
DEBUG
1: ind. ticket,91269161,8351899170
DEBUG
1: ind. ticket,91269161,8351899171
DEBUG
1: ind. ticket,91269161,8351899172
DEBUG
1: ind. ticket,91269161,8351899173
DEBUG
1: ind. ticket,91269161,8351899174
DEBUG
1: ind. ticket,91269161,8351899175
DEBUG
1: ind. ticket,91269161,8351899176
DEBUG
1: ind. ticket,91269161,8351899177
DEBUG
1: ind. ticket,91269161,8351899178
DEBUG
1: ind. ticket,91269161,8351899179
DEBUG
1: ind. ticket,91269161,8351899180
DEBUG
1: ind. ticket,91269161,8351899181
DEBUG
1: ind. ticket,91269161,8351899182
DEBUG
1: ind. ticket,91269161,8351899183
DEBUG
1: ind. ticket,91269161,8351899184
DEBUG
1: ind. ticket,91269161,8351899185
DEBUG
1: ind. ticket,91269161,8351899186
DEBUG
1: ind. ticket,91269161,8351899187
DEBUG
1: ind. ticket,91269161,8351899188
DEBUG
1: ind. ticket,91269161,8351899189
DEBUG
1: ind. ticket,91269161,8351899190
DEBUG
1: ind. ticket,91269161,8351899191
DEBUG
1: ind. ticket,91269161,8351899192
DEBUG
1: ind. ticket,91269161,8351899193
DEBUG
1: ind. ticket,91269161,8351899194
DEBUG
1: ind. ticket,91269161,8351899195
DEBUG
1: ind. ticket,91269161,8351899196
DEBUG
1: ind. ticket,91269161,8351899197
DEBUG
1: ind. ticket,91269161,8351899198
DEBUG
1: ind. ticket,91269161,8351899199
DEBUG
1: ind. ticket,91269161,8351899200
DEBUG
1: ind. ticket,91269161,8351899201
DEBUG
1: ind. ticket,91269161,8351899202
DEBUG
1: ind. ticket,91269161,8351899203
DEBUG
1: ind. ticket,91269161,8351899204
DEBUG
1: ind. ticket,91269161,8351899205
DEBUG
1: ind. ticket,91269161,8351899206
DEBUG
1: ind. ticket,91269161,8351899207
DEBUG
1: ind. ticket,91269161,8351899208
DEBUG
1: ind. ticket,91269161,8351899209
DEBUG
1: ind. ticket,91269161,8351899210
DEBUG
1: ind. ticket,91269161,8351899211
DEBUG
1: ind. ticket,91269161,8351899212
DEBUG
1: ind. ticket,91269161,8351899213
DEBUG
1: ind. ticket,91269161,8351899214
DEBUG
1: ind. ticket,91269161,8351899215
DEBUG
1: ind. ticket,91269161,8351899216
DEBUG
1: ind. ticket,91269161,8351899217
DEBUG
1: ind. ticket,91269161,8351899218
DEBUG
1: ind. ticket,91269161,8351899219
DEBUG
1: ind. ticket,91269161,8351899220
DEBUG
1: ind. ticket,91269161,8351899221
DEBUG
1: ind. ticket,91269161,8351899222
DEBUG
1: ind. ticket,91269161,8351899223
DEBUG
1: ind. ticket,91269161,8351899224
DEBUG
1: ind. ticket,91269161,8351899225
DEBUG
1: ind. ticket,91269161,8351899226
DEBUG
1: ind. ticket,91269161,8351899227
DEBUG
1: ind. ticket,91269161,8351899228
DEBUG
1: ind. ticket,91269161,8351899229
DEBUG
1: Missing:iata,91269161, from,8351899164, up to,8351899229,numtkts,66
DEBUG
1: ind. ticket,91269161,8351899245
DEBUG
1: ind. ticket,91269161,8351899246
DEBUG
1: ind. ticket,91269161,8351899247
DEBUG
1: ind. ticket,91269161,8351899248
DEBUG
1: ind. ticket,91269161,8351899249
DEBUG
1: Missing:iata,91269161, from,8351899245, up to,8351899249,numtkts,5
DEBUG
1: Ranges processed		      :25
DEBUG
1: Number of missing tickets in total :1338
DEBUG
1: STLMTKTR ended:18-jan-16 08:45:07
STLMTKTR ended:18-jan-16 08:45:07
Result of missing ticket check:
No of rows :25

PL/SQL procedure successfully completed.

Disconnected from Oracle Database 10g Release 10.2.0.4.0 - 64bit Production
